<?xml version="1.0" encoding="UTF-8"?>
<!-- Generated by org.testng.reporters.JUnitReportReporter -->
<testsuite hostname="D7F8G6D3" failures="0" tests="2" name="api.tests.testurl" time="4.878" errors="0" timestamp="2024-06-24T19:18:43 IST" skipped="0">
  <testcase classname="api.tests.testurl" name="getData" time="2.917"/>
  <testcase classname="api.tests.testurl" name="createPet" time="1.961"/>
</testsuite> <!-- api.tests.testurl -->
