<?xml version="1.0" encoding="UTF-8"?>
<!-- Generated by org.testng.reporters.JUnitReportReporter -->
<testsuite hostname="D7F8G6D3" failures="0" tests="1" name="api.tests.UserTests" time="2.344" errors="0" timestamp="2024-06-01T19:03:09 IST" skipped="0">
  <testcase classname="api.tests.UserTests" name="testPostUser" time="2.344"/>
</testsuite> <!-- api.tests.UserTests -->
